<?xml version="1.0" encoding="UTF-8"?>
<testng-results skipped="0" failed="0" total="1" passed="1">
  <reporter-output>
  </reporter-output>
  <suite name="Default suite" duration-ms="33975" started-at="2023-08-23T06:38:15Z" finished-at="2023-08-23T06:38:49Z">
    <groups>
    </groups>
    <test name="Default test" duration-ms="33975" started-at="2023-08-23T06:38:15Z" finished-at="2023-08-23T06:38:49Z">
      <class name="search.FT_SEARCH_BAR_01_Test">
        <test-method status="PASS" signature="launchingBrowser()[pri:0, instance:search.FT_SEARCH_BAR_01_Test@7f63425a]" name="launchingBrowser" is-config="true" duration-ms="6127" started-at="2023-08-23T12:08:15Z" finished-at="2023-08-23T12:08:21Z">
          <reporter-output>
          </reporter-output>
        </test-method> <!-- launchingBrowser -->
        <test-method status="PASS" signature="navigatingtoApplication()[pri:0, instance:search.FT_SEARCH_BAR_01_Test@7f63425a]" name="navigatingtoApplication" is-config="true" duration-ms="12277" started-at="2023-08-23T12:08:21Z" finished-at="2023-08-23T12:08:34Z">
          <reporter-output>
          </reporter-output>
        </test-method> <!-- navigatingtoApplication -->
        <test-method status="PASS" signature="Search_working_by_adding_keyword_in_search_textfield_and_pressing_search_icon()[pri:0, instance:search.FT_SEARCH_BAR_01_Test@7f63425a]" name="Search_working_by_adding_keyword_in_search_textfield_and_pressing_search_icon" duration-ms="14263" started-at="2023-08-23T12:08:34Z" finished-at="2023-08-23T12:08:48Z">
          <reporter-output>
          </reporter-output>
        </test-method> <!-- Search_working_by_adding_keyword_in_search_textfield_and_pressing_search_icon -->
        <test-method status="PASS" signature="signOutFromApplication()[pri:0, instance:search.FT_SEARCH_BAR_01_Test@7f63425a]" name="signOutFromApplication" is-config="true" duration-ms="196" started-at="2023-08-23T12:08:48Z" finished-at="2023-08-23T12:08:48Z">
          <reporter-output>
          </reporter-output>
        </test-method> <!-- signOutFromApplication -->
        <test-method status="PASS" signature="closingTheBrowser()[pri:0, instance:search.FT_SEARCH_BAR_01_Test@7f63425a]" name="closingTheBrowser" is-config="true" duration-ms="1104" started-at="2023-08-23T12:08:48Z" finished-at="2023-08-23T12:08:49Z">
          <reporter-output>
          </reporter-output>
        </test-method> <!-- closingTheBrowser -->
      </class> <!-- search.FT_SEARCH_BAR_01_Test -->
    </test> <!-- Default test -->
  </suite> <!-- Default suite -->
</testng-results>
