<?xml version="1.0" encoding="UTF-8"?>
<!-- Generated by org.testng.reporters.JUnitXMLReporter -->
<testsuite hostname="ISHITA" name="Test" tests="1" failures="0" timestamp="18 Aug 2023 06:33:51 GMT" time="5.345" errors="0">
  <testcase name="Creating_a_lead_with_valid_details_and_able_to_see_the_added_details_in_leads_page" time="0.0" classname="leads.IT_LEADS_01">
    <skipped/>
  </testcase> <!-- Creating_a_lead_with_valid_details_and_able_to_see_the_added_details_in_leads_page -->
</testsuite> <!-- Test -->
